<?xml version="1.0" encoding="UTF-8"?>
<testng-results ignored="0" total="2" passed="2" failed="0" skipped="0">
  <reporter-output>
  </reporter-output>
  <suite started-at="2023-02-03T16:27:02 IST" name="Default suite" finished-at="2023-02-03T16:29:59 IST" duration-ms="177097">
    <groups>
    </groups>
    <test started-at="2023-02-03T16:27:02 IST" name="Default test" finished-at="2023-02-03T16:29:59 IST" duration-ms="177097">
      <class name="newauditproject.audittestcount">
        <test-method is-config="true" signature="Login1()[pri:0, instance:newauditproject.audittestcount@4b45a2f5]" started-at="2023-02-03T16:27:02 IST" name="Login1" finished-at="2023-02-03T16:27:38 IST" duration-ms="35374" status="PASS">
          <reporter-output>
          </reporter-output>
        </test-method> <!-- Login1 -->
        <test-method signature="riskcategory()[pri:5, instance:newauditproject.audittestcount@4b45a2f5]" started-at="2023-02-03T16:27:38 IST" name="riskcategory" finished-at="2023-02-03T16:28:28 IST" duration-ms="50227" status="PASS">
          <reporter-output>
          </reporter-output>
        </test-method> <!-- riskcategory -->
        <test-method signature="observation()[pri:6, instance:newauditproject.audittestcount@4b45a2f5]" started-at="2023-02-03T16:28:28 IST" name="observation" finished-at="2023-02-03T16:29:59 IST" duration-ms="91395" status="PASS">
          <reporter-output>
          </reporter-output>
        </test-method> <!-- observation -->
      </class> <!-- newauditproject.audittestcount -->
    </test> <!-- Default test -->
  </suite> <!-- Default suite -->
</testng-results>
